5216674240559:ENCOLADO ans_9a17e79e-2196-46ff-a3bf-2de2c5751c96
EJECUTANDO:ans_9a17e79e-2196-46ff-a3bf-2de2c5751c96
5216674240559:SUCCESS
5216674240559:ENCOLADO ans_921b35f0-1a63-4923-be81-aeb7668073b9
EJECUTANDO:ans_921b35f0-1a63-4923-be81-aeb7668073b9
5216674240559:SUCCESS
5216674240559:ENCOLADO ans_703926ae-123f-4a09-9965-87c97c108138
EJECUTANDO:ans_703926ae-123f-4a09-9965-87c97c108138
5216674240559:SUCCESS
5216674240559:ENCOLADO ans_98fad4bc-3ff7-4ad8-9a6e-671a05429c25
EJECUTANDO:ans_98fad4bc-3ff7-4ad8-9a6e-671a05429c25
5216674240559:SUCCESS
5216674240559:ENCOLADO ans_5a8c3dbe-639c-4dcb-afb1-7ad6ddc0c2e2
EJECUTANDO:ans_5a8c3dbe-639c-4dcb-afb1-7ad6ddc0c2e2
5216674240559:SUCCESS
5216674240559:ENCOLADO ans_1c9df229-7e4e-4e40-8714-935aeefec113
EJECUTANDO:ans_1c9df229-7e4e-4e40-8714-935aeefec113
5216674240559:SUCCESS
5216674240559:ENCOLADO ans_769fef5b-8a9b-41b2-85f9-8c3240d72c29
EJECUTANDO:ans_769fef5b-8a9b-41b2-85f9-8c3240d72c29
5216674240559:SUCCESS
5216674240559:ENCOLADO ans_a5a1d46d-dcaa-4522-a84c-0c28b738675c
EJECUTANDO:ans_a5a1d46d-dcaa-4522-a84c-0c28b738675c
5216674240559:SUCCESS
5216674240559:ENCOLADO ans_9a17e79e-2196-46ff-a3bf-2de2c5751c96
EJECUTANDO:ans_9a17e79e-2196-46ff-a3bf-2de2c5751c96
5216674240559:SUCCESS
5216674240559:ENCOLADO ans_921b35f0-1a63-4923-be81-aeb7668073b9
EJECUTANDO:ans_921b35f0-1a63-4923-be81-aeb7668073b9
5216674240559:SUCCESS
5216674240559:ENCOLADO ans_d6feab81-5473-4fcf-98b6-047bb60c0d96
EJECUTANDO:ans_d6feab81-5473-4fcf-98b6-047bb60c0d96
5216674240559:SUCCESS
5216674240559:ENCOLADO ans_9a17e79e-2196-46ff-a3bf-2de2c5751c96
EJECUTANDO:ans_9a17e79e-2196-46ff-a3bf-2de2c5751c96
5216674240559:SUCCESS
5216674240559:ENCOLADO ans_921b35f0-1a63-4923-be81-aeb7668073b9
EJECUTANDO:ans_921b35f0-1a63-4923-be81-aeb7668073b9
5216674240559:SUCCESS
5216674240559:ENCOLADO ans_0d39134d-8282-46a8-b089-b310c9b3f215
EJECUTANDO:ans_0d39134d-8282-46a8-b089-b310c9b3f215
5216674240559:SUCCESS
5216674240559:ENCOLADO ans_7e004ff5-4f35-4e12-9376-9700133f1cd0
EJECUTANDO:ans_7e004ff5-4f35-4e12-9376-9700133f1cd0
5216674240559:SUCCESS
5216674240559:ENCOLADO ans_9a17e79e-2196-46ff-a3bf-2de2c5751c96
EJECUTANDO:ans_9a17e79e-2196-46ff-a3bf-2de2c5751c96
5216674240559:SUCCESS
5216674240559:ENCOLADO ans_921b35f0-1a63-4923-be81-aeb7668073b9
EJECUTANDO:ans_921b35f0-1a63-4923-be81-aeb7668073b9
5216674240559:SUCCESS
5216674240559:ENCOLADO ans_0d39134d-8282-46a8-b089-b310c9b3f215
EJECUTANDO:ans_0d39134d-8282-46a8-b089-b310c9b3f215
5216674240559:SUCCESS
5216674240559:ENCOLADO ans_7e004ff5-4f35-4e12-9376-9700133f1cd0
EJECUTANDO:ans_7e004ff5-4f35-4e12-9376-9700133f1cd0
5216674240559:SUCCESS
5216674240559:ENCOLADO ans_9a17e79e-2196-46ff-a3bf-2de2c5751c96
EJECUTANDO:ans_9a17e79e-2196-46ff-a3bf-2de2c5751c96
5216674240559:SUCCESS
5216674240559:ENCOLADO ans_921b35f0-1a63-4923-be81-aeb7668073b9
EJECUTANDO:ans_921b35f0-1a63-4923-be81-aeb7668073b9
5216674240559:SUCCESS
